<?xml version="1.0" encoding="UTF-8"?>
<testsuite xmlns:xsi="http://www.w3.org/2001/XMLSchema-instance" xsi:noNamespaceSchemaLocation="https://maven.apache.org/surefire/maven-surefire-plugin/xsd/surefire-test-report.xsd" name="com.hayba.order.service.OrderApplicationServiceTest" time="8.153" tests="4" errors="0" skipped="0" failures="0">
  <properties>
    <property name="java.specification.version" value="17"/>
    <property name="sun.jnu.encoding" value="UTF-8"/>
    <property name="java.class.path" value="/Users/nestcoin/Documents/projects/food-ordering-system/order-service/order-domain/order-application-service/target/test-classes:/Users/nestcoin/Documents/projects/food-ordering-system/order-service/order-domain/order-application-service/target/classes:/Users/nestcoin/Documents/projects/food-ordering-system/order-service/order-domain/order-domain-core/target/order-domain-core-1.0-SNAPSHOT.jar:/Users/nestcoin/Documents/projects/food-ordering-system/common/common-domain/target/common-domain-1.0-SNAPSHOT.jar:/Users/nestcoin/.m2/repository/org/springframework/boot/spring-boot-starter-validation/2.6.7/spring-boot-starter-validation-2.6.7.jar:/Users/nestcoin/.m2/repository/org/springframework/boot/spring-boot-starter/2.6.7/spring-boot-starter-2.6.7.jar:/Users/nestcoin/.m2/repository/org/springframework/boot/spring-boot/2.6.7/spring-boot-2.6.7.jar:/Users/nestcoin/.m2/repository/org/springframework/spring-context/5.3.19/spring-context-5.3.19.jar:/Users/nestcoin/.m2/repository/org/springframework/spring-aop/5.3.19/spring-aop-5.3.19.jar:/Users/nestcoin/.m2/repository/org/springframework/spring-expression/5.3.19/spring-expression-5.3.19.jar:/Users/nestcoin/.m2/repository/org/springframework/boot/spring-boot-autoconfigure/2.6.7/spring-boot-autoconfigure-2.6.7.jar:/Users/nestcoin/.m2/repository/jakarta/annotation/jakarta.annotation-api/1.3.5/jakarta.annotation-api-1.3.5.jar:/Users/nestcoin/.m2/repository/org/yaml/snakeyaml/1.29/snakeyaml-1.29.jar:/Users/nestcoin/.m2/repository/org/apache/tomcat/embed/tomcat-embed-el/9.0.62/tomcat-embed-el-9.0.62.jar:/Users/nestcoin/.m2/repository/org/hibernate/validator/hibernate-validator/6.2.3.Final/hibernate-validator-6.2.3.Final.jar:/Users/nestcoin/.m2/repository/jakarta/validation/jakarta.validation-api/2.0.2/jakarta.validation-api-2.0.2.jar:/Users/nestcoin/.m2/repository/org/jboss/logging/jboss-logging/3.4.3.Final/jboss-logging-3.4.3.Final.jar:/Users/nestcoin/.m2/repository/com/fasterxml/classmate/1.5.1/classmate-1.5.1.jar:/Users/nestcoin/.m2/repository/org/springframework/spring-tx/5.3.19/spring-tx-5.3.19.jar:/Users/nestcoin/.m2/repository/org/springframework/spring-beans/5.3.19/spring-beans-5.3.19.jar:/Users/nestcoin/.m2/repository/org/springframework/spring-core/5.3.19/spring-core-5.3.19.jar:/Users/nestcoin/.m2/repository/org/springframework/spring-jcl/5.3.19/spring-jcl-5.3.19.jar:/Users/nestcoin/.m2/repository/org/mockito/mockito-core/4.3.1/mockito-core-4.3.1.jar:/Users/nestcoin/.m2/repository/net/bytebuddy/byte-buddy/1.11.22/byte-buddy-1.11.22.jar:/Users/nestcoin/.m2/repository/net/bytebuddy/byte-buddy-agent/1.11.22/byte-buddy-agent-1.11.22.jar:/Users/nestcoin/.m2/repository/org/objenesis/objenesis/3.2/objenesis-3.2.jar:/Users/nestcoin/.m2/repository/org/springframework/boot/spring-boot-starter-test/2.6.7/spring-boot-starter-test-2.6.7.jar:/Users/nestcoin/.m2/repository/org/springframework/boot/spring-boot-test/2.6.7/spring-boot-test-2.6.7.jar:/Users/nestcoin/.m2/repository/org/springframework/boot/spring-boot-test-autoconfigure/2.6.7/spring-boot-test-autoconfigure-2.6.7.jar:/Users/nestcoin/.m2/repository/com/jayway/jsonpath/json-path/2.6.0/json-path-2.6.0.jar:/Users/nestcoin/.m2/repository/net/minidev/json-smart/2.4.8/json-smart-2.4.8.jar:/Users/nestcoin/.m2/repository/net/minidev/accessors-smart/2.4.8/accessors-smart-2.4.8.jar:/Users/nestcoin/.m2/repository/org/ow2/asm/asm/9.1/asm-9.1.jar:/Users/nestcoin/.m2/repository/org/slf4j/slf4j-api/1.7.36/slf4j-api-1.7.36.jar:/Users/nestcoin/.m2/repository/jakarta/xml/bind/jakarta.xml.bind-api/2.3.3/jakarta.xml.bind-api-2.3.3.jar:/Users/nestcoin/.m2/repository/jakarta/activation/jakarta.activation-api/1.2.2/jakarta.activation-api-1.2.2.jar:/Users/nestcoin/.m2/repository/org/assertj/assertj-core/3.21.0/assertj-core-3.21.0.jar:/Users/nestcoin/.m2/repository/org/hamcrest/hamcrest/2.2/hamcrest-2.2.jar:/Users/nestcoin/.m2/repository/org/junit/jupiter/junit-jupiter/5.8.2/junit-jupiter-5.8.2.jar:/Users/nestcoin/.m2/repository/org/junit/jupiter/junit-jupiter-api/5.8.2/junit-jupiter-api-5.8.2.jar:/Users/nestcoin/.m2/repository/org/opentest4j/opentest4j/1.2.0/opentest4j-1.2.0.jar:/Users/nestcoin/.m2/repository/org/junit/platform/junit-platform-commons/1.8.2/junit-platform-commons-1.8.2.jar:/Users/nestcoin/.m2/repository/org/apiguardian/apiguardian-api/1.1.2/apiguardian-api-1.1.2.jar:/Users/nestcoin/.m2/repository/org/junit/jupiter/junit-jupiter-params/5.8.2/junit-jupiter-params-5.8.2.jar:/Users/nestcoin/.m2/repository/org/junit/jupiter/junit-jupiter-engine/5.8.2/junit-jupiter-engine-5.8.2.jar:/Users/nestcoin/.m2/repository/org/junit/platform/junit-platform-engine/1.8.2/junit-platform-engine-1.8.2.jar:/Users/nestcoin/.m2/repository/org/mockito/mockito-junit-jupiter/4.3.1/mockito-junit-jupiter-4.3.1.jar:/Users/nestcoin/.m2/repository/org/skyscreamer/jsonassert/1.5.0/jsonassert-1.5.0.jar:/Users/nestcoin/.m2/repository/com/vaadin/external/google/android-json/0.0.20131108.vaadin1/android-json-0.0.20131108.vaadin1.jar:/Users/nestcoin/.m2/repository/org/springframework/spring-test/5.3.19/spring-test-5.3.19.jar:/Users/nestcoin/.m2/repository/org/xmlunit/xmlunit-core/2.8.4/xmlunit-core-2.8.4.jar:/Users/nestcoin/.m2/repository/org/projectlombok/lombok/1.18.24/lombok-1.18.24.jar:/Users/nestcoin/.m2/repository/org/springframework/boot/spring-boot-starter-logging/2.6.7/spring-boot-starter-logging-2.6.7.jar:/Users/nestcoin/.m2/repository/ch/qos/logback/logback-classic/1.2.11/logback-classic-1.2.11.jar:/Users/nestcoin/.m2/repository/ch/qos/logback/logback-core/1.2.11/logback-core-1.2.11.jar:/Users/nestcoin/.m2/repository/org/apache/logging/log4j/log4j-to-slf4j/2.17.2/log4j-to-slf4j-2.17.2.jar:/Users/nestcoin/.m2/repository/org/apache/logging/log4j/log4j-api/2.17.2/log4j-api-2.17.2.jar:/Users/nestcoin/.m2/repository/org/slf4j/jul-to-slf4j/1.7.36/jul-to-slf4j-1.7.36.jar:"/>
    <property name="java.vm.vendor" value="Eclipse Adoptium"/>
    <property name="sun.arch.data.model" value="64"/>
    <property name="java.vendor.url" value="https://adoptium.net/"/>
    <property name="os.name" value="Mac OS X"/>
    <property name="java.vm.specification.version" value="17"/>
    <property name="sun.java.launcher" value="SUN_STANDARD"/>
    <property name="user.country" value="NG"/>
    <property name="sun.boot.library.path" value="/Library/Java/JavaVirtualMachines/temurin-17.jdk/Contents/Home/lib"/>
    <property name="sun.java.command" value="/Users/nestcoin/Documents/projects/food-ordering-system/order-service/order-domain/order-application-service/target/surefire/surefirebooter3777952130603272337.jar /Users/nestcoin/Documents/projects/food-ordering-system/order-service/order-domain/order-application-service/target/surefire 2023-07-06T13-21-51_948-jvmRun1 surefire9935308345644258308tmp surefire_01955788902287863898tmp"/>
    <property name="http.nonProxyHosts" value="local|*.local|169.254/16|*.169.254/16"/>
    <property name="jdk.debug" value="release"/>
    <property name="surefire.test.class.path" value="/Users/nestcoin/Documents/projects/food-ordering-system/order-service/order-domain/order-application-service/target/test-classes:/Users/nestcoin/Documents/projects/food-ordering-system/order-service/order-domain/order-application-service/target/classes:/Users/nestcoin/Documents/projects/food-ordering-system/order-service/order-domain/order-domain-core/target/order-domain-core-1.0-SNAPSHOT.jar:/Users/nestcoin/Documents/projects/food-ordering-system/common/common-domain/target/common-domain-1.0-SNAPSHOT.jar:/Users/nestcoin/.m2/repository/org/springframework/boot/spring-boot-starter-validation/2.6.7/spring-boot-starter-validation-2.6.7.jar:/Users/nestcoin/.m2/repository/org/springframework/boot/spring-boot-starter/2.6.7/spring-boot-starter-2.6.7.jar:/Users/nestcoin/.m2/repository/org/springframework/boot/spring-boot/2.6.7/spring-boot-2.6.7.jar:/Users/nestcoin/.m2/repository/org/springframework/spring-context/5.3.19/spring-context-5.3.19.jar:/Users/nestcoin/.m2/repository/org/springframework/spring-aop/5.3.19/spring-aop-5.3.19.jar:/Users/nestcoin/.m2/repository/org/springframework/spring-expression/5.3.19/spring-expression-5.3.19.jar:/Users/nestcoin/.m2/repository/org/springframework/boot/spring-boot-autoconfigure/2.6.7/spring-boot-autoconfigure-2.6.7.jar:/Users/nestcoin/.m2/repository/jakarta/annotation/jakarta.annotation-api/1.3.5/jakarta.annotation-api-1.3.5.jar:/Users/nestcoin/.m2/repository/org/yaml/snakeyaml/1.29/snakeyaml-1.29.jar:/Users/nestcoin/.m2/repository/org/apache/tomcat/embed/tomcat-embed-el/9.0.62/tomcat-embed-el-9.0.62.jar:/Users/nestcoin/.m2/repository/org/hibernate/validator/hibernate-validator/6.2.3.Final/hibernate-validator-6.2.3.Final.jar:/Users/nestcoin/.m2/repository/jakarta/validation/jakarta.validation-api/2.0.2/jakarta.validation-api-2.0.2.jar:/Users/nestcoin/.m2/repository/org/jboss/logging/jboss-logging/3.4.3.Final/jboss-logging-3.4.3.Final.jar:/Users/nestcoin/.m2/repository/com/fasterxml/classmate/1.5.1/classmate-1.5.1.jar:/Users/nestcoin/.m2/repository/org/springframework/spring-tx/5.3.19/spring-tx-5.3.19.jar:/Users/nestcoin/.m2/repository/org/springframework/spring-beans/5.3.19/spring-beans-5.3.19.jar:/Users/nestcoin/.m2/repository/org/springframework/spring-core/5.3.19/spring-core-5.3.19.jar:/Users/nestcoin/.m2/repository/org/springframework/spring-jcl/5.3.19/spring-jcl-5.3.19.jar:/Users/nestcoin/.m2/repository/org/mockito/mockito-core/4.3.1/mockito-core-4.3.1.jar:/Users/nestcoin/.m2/repository/net/bytebuddy/byte-buddy/1.11.22/byte-buddy-1.11.22.jar:/Users/nestcoin/.m2/repository/net/bytebuddy/byte-buddy-agent/1.11.22/byte-buddy-agent-1.11.22.jar:/Users/nestcoin/.m2/repository/org/objenesis/objenesis/3.2/objenesis-3.2.jar:/Users/nestcoin/.m2/repository/org/springframework/boot/spring-boot-starter-test/2.6.7/spring-boot-starter-test-2.6.7.jar:/Users/nestcoin/.m2/repository/org/springframework/boot/spring-boot-test/2.6.7/spring-boot-test-2.6.7.jar:/Users/nestcoin/.m2/repository/org/springframework/boot/spring-boot-test-autoconfigure/2.6.7/spring-boot-test-autoconfigure-2.6.7.jar:/Users/nestcoin/.m2/repository/com/jayway/jsonpath/json-path/2.6.0/json-path-2.6.0.jar:/Users/nestcoin/.m2/repository/net/minidev/json-smart/2.4.8/json-smart-2.4.8.jar:/Users/nestcoin/.m2/repository/net/minidev/accessors-smart/2.4.8/accessors-smart-2.4.8.jar:/Users/nestcoin/.m2/repository/org/ow2/asm/asm/9.1/asm-9.1.jar:/Users/nestcoin/.m2/repository/org/slf4j/slf4j-api/1.7.36/slf4j-api-1.7.36.jar:/Users/nestcoin/.m2/repository/jakarta/xml/bind/jakarta.xml.bind-api/2.3.3/jakarta.xml.bind-api-2.3.3.jar:/Users/nestcoin/.m2/repository/jakarta/activation/jakarta.activation-api/1.2.2/jakarta.activation-api-1.2.2.jar:/Users/nestcoin/.m2/repository/org/assertj/assertj-core/3.21.0/assertj-core-3.21.0.jar:/Users/nestcoin/.m2/repository/org/hamcrest/hamcrest/2.2/hamcrest-2.2.jar:/Users/nestcoin/.m2/repository/org/junit/jupiter/junit-jupiter/5.8.2/junit-jupiter-5.8.2.jar:/Users/nestcoin/.m2/repository/org/junit/jupiter/junit-jupiter-api/5.8.2/junit-jupiter-api-5.8.2.jar:/Users/nestcoin/.m2/repository/org/opentest4j/opentest4j/1.2.0/opentest4j-1.2.0.jar:/Users/nestcoin/.m2/repository/org/junit/platform/junit-platform-commons/1.8.2/junit-platform-commons-1.8.2.jar:/Users/nestcoin/.m2/repository/org/apiguardian/apiguardian-api/1.1.2/apiguardian-api-1.1.2.jar:/Users/nestcoin/.m2/repository/org/junit/jupiter/junit-jupiter-params/5.8.2/junit-jupiter-params-5.8.2.jar:/Users/nestcoin/.m2/repository/org/junit/jupiter/junit-jupiter-engine/5.8.2/junit-jupiter-engine-5.8.2.jar:/Users/nestcoin/.m2/repository/org/junit/platform/junit-platform-engine/1.8.2/junit-platform-engine-1.8.2.jar:/Users/nestcoin/.m2/repository/org/mockito/mockito-junit-jupiter/4.3.1/mockito-junit-jupiter-4.3.1.jar:/Users/nestcoin/.m2/repository/org/skyscreamer/jsonassert/1.5.0/jsonassert-1.5.0.jar:/Users/nestcoin/.m2/repository/com/vaadin/external/google/android-json/0.0.20131108.vaadin1/android-json-0.0.20131108.vaadin1.jar:/Users/nestcoin/.m2/repository/org/springframework/spring-test/5.3.19/spring-test-5.3.19.jar:/Users/nestcoin/.m2/repository/org/xmlunit/xmlunit-core/2.8.4/xmlunit-core-2.8.4.jar:/Users/nestcoin/.m2/repository/org/projectlombok/lombok/1.18.24/lombok-1.18.24.jar:/Users/nestcoin/.m2/repository/org/springframework/boot/spring-boot-starter-logging/2.6.7/spring-boot-starter-logging-2.6.7.jar:/Users/nestcoin/.m2/repository/ch/qos/logback/logback-classic/1.2.11/logback-classic-1.2.11.jar:/Users/nestcoin/.m2/repository/ch/qos/logback/logback-core/1.2.11/logback-core-1.2.11.jar:/Users/nestcoin/.m2/repository/org/apache/logging/log4j/log4j-to-slf4j/2.17.2/log4j-to-slf4j-2.17.2.jar:/Users/nestcoin/.m2/repository/org/apache/logging/log4j/log4j-api/2.17.2/log4j-api-2.17.2.jar:/Users/nestcoin/.m2/repository/org/slf4j/jul-to-slf4j/1.7.36/jul-to-slf4j-1.7.36.jar:"/>
    <property name="sun.cpu.endian" value="little"/>
    <property name="user.home" value="/Users/nestcoin"/>
    <property name="user.language" value="en"/>
    <property name="java.specification.vendor" value="Oracle Corporation"/>
    <property name="java.version.date" value="2021-10-19"/>
    <property name="java.home" value="/Library/Java/JavaVirtualMachines/temurin-17.jdk/Contents/Home"/>
    <property name="file.separator" value="/"/>
    <property name="basedir" value="/Users/nestcoin/Documents/projects/food-ordering-system/order-service/order-domain/order-application-service"/>
    <property name="java.vm.compressedOopsMode" value="Zero based"/>
    <property name="line.separator" value="&#10;"/>
    <property name="java.specification.name" value="Java Platform API Specification"/>
    <property name="java.vm.specification.vendor" value="Oracle Corporation"/>
    <property name="surefire.real.class.path" value="/Users/nestcoin/Documents/projects/food-ordering-system/order-service/order-domain/order-application-service/target/surefire/surefirebooter3777952130603272337.jar"/>
    <property name="sun.management.compiler" value="HotSpot 64-Bit Tiered Compilers"/>
    <property name="ftp.nonProxyHosts" value="local|*.local|169.254/16|*.169.254/16"/>
    <property name="java.runtime.version" value="17.0.1+12"/>
    <property name="user.name" value="nestcoin"/>
    <property name="path.separator" value=":"/>
    <property name="os.version" value="11.3"/>
    <property name="java.runtime.name" value="OpenJDK Runtime Environment"/>
    <property name="file.encoding" value="US-ASCII"/>
    <property name="java.vm.name" value="OpenJDK 64-Bit Server VM"/>
    <property name="java.vendor.version" value="Temurin-17.0.1+12"/>
    <property name="localRepository" value="/Users/nestcoin/.m2/repository"/>
    <property name="java.vendor.url.bug" value="https://github.com/adoptium/adoptium-support/issues"/>
    <property name="java.io.tmpdir" value="/var/folders/q2/9tf3451s6n72wypydscy266r0000gn/T/"/>
    <property name="java.version" value="17.0.1"/>
    <property name="user.dir" value="/Users/nestcoin/Documents/projects/food-ordering-system/order-service/order-domain/order-application-service"/>
    <property name="os.arch" value="x86_64"/>
    <property name="java.vm.specification.name" value="Java Virtual Machine Specification"/>
    <property name="native.encoding" value="US-ASCII"/>
    <property name="java.library.path" value="/Users/nestcoin/Library/Java/Extensions:/Library/Java/Extensions:/Network/Library/Java/Extensions:/System/Library/Java/Extensions:/usr/lib/java:."/>
    <property name="java.vm.info" value="mixed mode, sharing"/>
    <property name="java.vendor" value="Eclipse Adoptium"/>
    <property name="java.vm.version" value="17.0.1+12"/>
    <property name="sun.io.unicode.encoding" value="UnicodeBig"/>
    <property name="socksNonProxyHosts" value="local|*.local|169.254/16|*.169.254/16"/>
    <property name="java.class.version" value="61.0"/>
  </properties>
  <testcase name="testCreateOrderWithWrongTotalPrice" classname="com.hayba.order.service.OrderApplicationServiceTest" time="0.153"/>
  <testcase name="testCreateOrder" classname="com.hayba.order.service.OrderApplicationServiceTest" time="0.014"/>
  <testcase name="testCreateOrderWithWrongProductPrice" classname="com.hayba.order.service.OrderApplicationServiceTest" time="0.013"/>
  <testcase name="testCreateOrderWithPassiveRestaurant" classname="com.hayba.order.service.OrderApplicationServiceTest" time="0.013"/>
</testsuite>