<?xml version="1.0" encoding="UTF-8"?>
<testsuite xmlns:xsi="http://www.w3.org/2001/XMLSchema-instance" xsi:noNamespaceSchemaLocation="https://maven.apache.org/surefire/maven-surefire-plugin/xsd/surefire-test-report.xsd" name="com.hayba.order.service.OrderApplicationServiceTest" time="8.027" tests="4" errors="1" skipped="0" failures="3">
  <properties>
    <property name="java.specification.version" value="17"/>
    <property name="sun.jnu.encoding" value="UTF-8"/>
    <property name="java.class.path" value="/Users/nestcoin/Documents/projects/food-ordering-system/order-service/order-domain/order-application-service/target/test-classes:/Users/nestcoin/Documents/projects/food-ordering-system/order-service/order-domain/order-application-service/target/classes:/Users/nestcoin/Documents/projects/food-ordering-system/order-service/order-domain/order-domain-core/target/order-domain-core-1.0-SNAPSHOT.jar:/Users/nestcoin/Documents/projects/food-ordering-system/order-service/common/common-domain/target/common-domain-1.0-SNAPSHOT.jar:/Users/nestcoin/.m2/repository/org/springframework/boot/spring-boot-starter-validation/2.6.7/spring-boot-starter-validation-2.6.7.jar:/Users/nestcoin/.m2/repository/org/springframework/boot/spring-boot-starter/2.6.7/spring-boot-starter-2.6.7.jar:/Users/nestcoin/.m2/repository/org/springframework/boot/spring-boot/2.6.7/spring-boot-2.6.7.jar:/Users/nestcoin/.m2/repository/org/springframework/spring-context/5.3.19/spring-context-5.3.19.jar:/Users/nestcoin/.m2/repository/org/springframework/spring-aop/5.3.19/spring-aop-5.3.19.jar:/Users/nestcoin/.m2/repository/org/springframework/spring-expression/5.3.19/spring-expression-5.3.19.jar:/Users/nestcoin/.m2/repository/org/springframework/boot/spring-boot-autoconfigure/2.6.7/spring-boot-autoconfigure-2.6.7.jar:/Users/nestcoin/.m2/repository/jakarta/annotation/jakarta.annotation-api/1.3.5/jakarta.annotation-api-1.3.5.jar:/Users/nestcoin/.m2/repository/org/yaml/snakeyaml/1.29/snakeyaml-1.29.jar:/Users/nestcoin/.m2/repository/org/apache/tomcat/embed/tomcat-embed-el/9.0.62/tomcat-embed-el-9.0.62.jar:/Users/nestcoin/.m2/repository/org/hibernate/validator/hibernate-validator/6.2.3.Final/hibernate-validator-6.2.3.Final.jar:/Users/nestcoin/.m2/repository/jakarta/validation/jakarta.validation-api/2.0.2/jakarta.validation-api-2.0.2.jar:/Users/nestcoin/.m2/repository/org/jboss/logging/jboss-logging/3.4.3.Final/jboss-logging-3.4.3.Final.jar:/Users/nestcoin/.m2/repository/com/fasterxml/classmate/1.5.1/classmate-1.5.1.jar:/Users/nestcoin/.m2/repository/org/springframework/spring-tx/5.3.19/spring-tx-5.3.19.jar:/Users/nestcoin/.m2/repository/org/springframework/spring-beans/5.3.19/spring-beans-5.3.19.jar:/Users/nestcoin/.m2/repository/org/springframework/spring-core/5.3.19/spring-core-5.3.19.jar:/Users/nestcoin/.m2/repository/org/springframework/spring-jcl/5.3.19/spring-jcl-5.3.19.jar:/Users/nestcoin/.m2/repository/org/mockito/mockito-core/4.3.1/mockito-core-4.3.1.jar:/Users/nestcoin/.m2/repository/net/bytebuddy/byte-buddy/1.11.22/byte-buddy-1.11.22.jar:/Users/nestcoin/.m2/repository/net/bytebuddy/byte-buddy-agent/1.11.22/byte-buddy-agent-1.11.22.jar:/Users/nestcoin/.m2/repository/org/objenesis/objenesis/3.2/objenesis-3.2.jar:/Users/nestcoin/.m2/repository/org/springframework/boot/spring-boot-starter-test/2.6.7/spring-boot-starter-test-2.6.7.jar:/Users/nestcoin/.m2/repository/org/springframework/boot/spring-boot-test/2.6.7/spring-boot-test-2.6.7.jar:/Users/nestcoin/.m2/repository/org/springframework/boot/spring-boot-test-autoconfigure/2.6.7/spring-boot-test-autoconfigure-2.6.7.jar:/Users/nestcoin/.m2/repository/com/jayway/jsonpath/json-path/2.6.0/json-path-2.6.0.jar:/Users/nestcoin/.m2/repository/net/minidev/json-smart/2.4.8/json-smart-2.4.8.jar:/Users/nestcoin/.m2/repository/net/minidev/accessors-smart/2.4.8/accessors-smart-2.4.8.jar:/Users/nestcoin/.m2/repository/org/ow2/asm/asm/9.1/asm-9.1.jar:/Users/nestcoin/.m2/repository/org/slf4j/slf4j-api/1.7.36/slf4j-api-1.7.36.jar:/Users/nestcoin/.m2/repository/jakarta/xml/bind/jakarta.xml.bind-api/2.3.3/jakarta.xml.bind-api-2.3.3.jar:/Users/nestcoin/.m2/repository/jakarta/activation/jakarta.activation-api/1.2.2/jakarta.activation-api-1.2.2.jar:/Users/nestcoin/.m2/repository/org/assertj/assertj-core/3.21.0/assertj-core-3.21.0.jar:/Users/nestcoin/.m2/repository/org/hamcrest/hamcrest/2.2/hamcrest-2.2.jar:/Users/nestcoin/.m2/repository/org/junit/jupiter/junit-jupiter/5.8.2/junit-jupiter-5.8.2.jar:/Users/nestcoin/.m2/repository/org/junit/jupiter/junit-jupiter-api/5.8.2/junit-jupiter-api-5.8.2.jar:/Users/nestcoin/.m2/repository/org/opentest4j/opentest4j/1.2.0/opentest4j-1.2.0.jar:/Users/nestcoin/.m2/repository/org/junit/platform/junit-platform-commons/1.8.2/junit-platform-commons-1.8.2.jar:/Users/nestcoin/.m2/repository/org/apiguardian/apiguardian-api/1.1.2/apiguardian-api-1.1.2.jar:/Users/nestcoin/.m2/repository/org/junit/jupiter/junit-jupiter-params/5.8.2/junit-jupiter-params-5.8.2.jar:/Users/nestcoin/.m2/repository/org/junit/jupiter/junit-jupiter-engine/5.8.2/junit-jupiter-engine-5.8.2.jar:/Users/nestcoin/.m2/repository/org/junit/platform/junit-platform-engine/1.8.2/junit-platform-engine-1.8.2.jar:/Users/nestcoin/.m2/repository/org/mockito/mockito-junit-jupiter/4.3.1/mockito-junit-jupiter-4.3.1.jar:/Users/nestcoin/.m2/repository/org/skyscreamer/jsonassert/1.5.0/jsonassert-1.5.0.jar:/Users/nestcoin/.m2/repository/com/vaadin/external/google/android-json/0.0.20131108.vaadin1/android-json-0.0.20131108.vaadin1.jar:/Users/nestcoin/.m2/repository/org/springframework/spring-test/5.3.19/spring-test-5.3.19.jar:/Users/nestcoin/.m2/repository/org/xmlunit/xmlunit-core/2.8.4/xmlunit-core-2.8.4.jar:/Users/nestcoin/.m2/repository/org/projectlombok/lombok/1.18.24/lombok-1.18.24.jar:/Users/nestcoin/.m2/repository/org/springframework/boot/spring-boot-starter-logging/2.6.7/spring-boot-starter-logging-2.6.7.jar:/Users/nestcoin/.m2/repository/ch/qos/logback/logback-classic/1.2.11/logback-classic-1.2.11.jar:/Users/nestcoin/.m2/repository/ch/qos/logback/logback-core/1.2.11/logback-core-1.2.11.jar:/Users/nestcoin/.m2/repository/org/apache/logging/log4j/log4j-to-slf4j/2.17.2/log4j-to-slf4j-2.17.2.jar:/Users/nestcoin/.m2/repository/org/apache/logging/log4j/log4j-api/2.17.2/log4j-api-2.17.2.jar:/Users/nestcoin/.m2/repository/org/slf4j/jul-to-slf4j/1.7.36/jul-to-slf4j-1.7.36.jar:"/>
    <property name="java.vm.vendor" value="Eclipse Adoptium"/>
    <property name="sun.arch.data.model" value="64"/>
    <property name="java.vendor.url" value="https://adoptium.net/"/>
    <property name="os.name" value="Mac OS X"/>
    <property name="java.vm.specification.version" value="17"/>
    <property name="sun.java.launcher" value="SUN_STANDARD"/>
    <property name="user.country" value="NG"/>
    <property name="sun.boot.library.path" value="/Library/Java/JavaVirtualMachines/temurin-17.jdk/Contents/Home/lib"/>
    <property name="sun.java.command" value="/Users/nestcoin/Documents/projects/food-ordering-system/order-service/order-domain/order-application-service/target/surefire/surefirebooter237673544618752061.jar /Users/nestcoin/Documents/projects/food-ordering-system/order-service/order-domain/order-application-service/target/surefire 2023-06-02T21-41-01_723-jvmRun1 surefire356209630596310279tmp surefire_05808303806327772084tmp"/>
    <property name="http.nonProxyHosts" value="local|*.local|169.254/16|*.169.254/16"/>
    <property name="jdk.debug" value="release"/>
    <property name="surefire.test.class.path" value="/Users/nestcoin/Documents/projects/food-ordering-system/order-service/order-domain/order-application-service/target/test-classes:/Users/nestcoin/Documents/projects/food-ordering-system/order-service/order-domain/order-application-service/target/classes:/Users/nestcoin/Documents/projects/food-ordering-system/order-service/order-domain/order-domain-core/target/order-domain-core-1.0-SNAPSHOT.jar:/Users/nestcoin/Documents/projects/food-ordering-system/order-service/common/common-domain/target/common-domain-1.0-SNAPSHOT.jar:/Users/nestcoin/.m2/repository/org/springframework/boot/spring-boot-starter-validation/2.6.7/spring-boot-starter-validation-2.6.7.jar:/Users/nestcoin/.m2/repository/org/springframework/boot/spring-boot-starter/2.6.7/spring-boot-starter-2.6.7.jar:/Users/nestcoin/.m2/repository/org/springframework/boot/spring-boot/2.6.7/spring-boot-2.6.7.jar:/Users/nestcoin/.m2/repository/org/springframework/spring-context/5.3.19/spring-context-5.3.19.jar:/Users/nestcoin/.m2/repository/org/springframework/spring-aop/5.3.19/spring-aop-5.3.19.jar:/Users/nestcoin/.m2/repository/org/springframework/spring-expression/5.3.19/spring-expression-5.3.19.jar:/Users/nestcoin/.m2/repository/org/springframework/boot/spring-boot-autoconfigure/2.6.7/spring-boot-autoconfigure-2.6.7.jar:/Users/nestcoin/.m2/repository/jakarta/annotation/jakarta.annotation-api/1.3.5/jakarta.annotation-api-1.3.5.jar:/Users/nestcoin/.m2/repository/org/yaml/snakeyaml/1.29/snakeyaml-1.29.jar:/Users/nestcoin/.m2/repository/org/apache/tomcat/embed/tomcat-embed-el/9.0.62/tomcat-embed-el-9.0.62.jar:/Users/nestcoin/.m2/repository/org/hibernate/validator/hibernate-validator/6.2.3.Final/hibernate-validator-6.2.3.Final.jar:/Users/nestcoin/.m2/repository/jakarta/validation/jakarta.validation-api/2.0.2/jakarta.validation-api-2.0.2.jar:/Users/nestcoin/.m2/repository/org/jboss/logging/jboss-logging/3.4.3.Final/jboss-logging-3.4.3.Final.jar:/Users/nestcoin/.m2/repository/com/fasterxml/classmate/1.5.1/classmate-1.5.1.jar:/Users/nestcoin/.m2/repository/org/springframework/spring-tx/5.3.19/spring-tx-5.3.19.jar:/Users/nestcoin/.m2/repository/org/springframework/spring-beans/5.3.19/spring-beans-5.3.19.jar:/Users/nestcoin/.m2/repository/org/springframework/spring-core/5.3.19/spring-core-5.3.19.jar:/Users/nestcoin/.m2/repository/org/springframework/spring-jcl/5.3.19/spring-jcl-5.3.19.jar:/Users/nestcoin/.m2/repository/org/mockito/mockito-core/4.3.1/mockito-core-4.3.1.jar:/Users/nestcoin/.m2/repository/net/bytebuddy/byte-buddy/1.11.22/byte-buddy-1.11.22.jar:/Users/nestcoin/.m2/repository/net/bytebuddy/byte-buddy-agent/1.11.22/byte-buddy-agent-1.11.22.jar:/Users/nestcoin/.m2/repository/org/objenesis/objenesis/3.2/objenesis-3.2.jar:/Users/nestcoin/.m2/repository/org/springframework/boot/spring-boot-starter-test/2.6.7/spring-boot-starter-test-2.6.7.jar:/Users/nestcoin/.m2/repository/org/springframework/boot/spring-boot-test/2.6.7/spring-boot-test-2.6.7.jar:/Users/nestcoin/.m2/repository/org/springframework/boot/spring-boot-test-autoconfigure/2.6.7/spring-boot-test-autoconfigure-2.6.7.jar:/Users/nestcoin/.m2/repository/com/jayway/jsonpath/json-path/2.6.0/json-path-2.6.0.jar:/Users/nestcoin/.m2/repository/net/minidev/json-smart/2.4.8/json-smart-2.4.8.jar:/Users/nestcoin/.m2/repository/net/minidev/accessors-smart/2.4.8/accessors-smart-2.4.8.jar:/Users/nestcoin/.m2/repository/org/ow2/asm/asm/9.1/asm-9.1.jar:/Users/nestcoin/.m2/repository/org/slf4j/slf4j-api/1.7.36/slf4j-api-1.7.36.jar:/Users/nestcoin/.m2/repository/jakarta/xml/bind/jakarta.xml.bind-api/2.3.3/jakarta.xml.bind-api-2.3.3.jar:/Users/nestcoin/.m2/repository/jakarta/activation/jakarta.activation-api/1.2.2/jakarta.activation-api-1.2.2.jar:/Users/nestcoin/.m2/repository/org/assertj/assertj-core/3.21.0/assertj-core-3.21.0.jar:/Users/nestcoin/.m2/repository/org/hamcrest/hamcrest/2.2/hamcrest-2.2.jar:/Users/nestcoin/.m2/repository/org/junit/jupiter/junit-jupiter/5.8.2/junit-jupiter-5.8.2.jar:/Users/nestcoin/.m2/repository/org/junit/jupiter/junit-jupiter-api/5.8.2/junit-jupiter-api-5.8.2.jar:/Users/nestcoin/.m2/repository/org/opentest4j/opentest4j/1.2.0/opentest4j-1.2.0.jar:/Users/nestcoin/.m2/repository/org/junit/platform/junit-platform-commons/1.8.2/junit-platform-commons-1.8.2.jar:/Users/nestcoin/.m2/repository/org/apiguardian/apiguardian-api/1.1.2/apiguardian-api-1.1.2.jar:/Users/nestcoin/.m2/repository/org/junit/jupiter/junit-jupiter-params/5.8.2/junit-jupiter-params-5.8.2.jar:/Users/nestcoin/.m2/repository/org/junit/jupiter/junit-jupiter-engine/5.8.2/junit-jupiter-engine-5.8.2.jar:/Users/nestcoin/.m2/repository/org/junit/platform/junit-platform-engine/1.8.2/junit-platform-engine-1.8.2.jar:/Users/nestcoin/.m2/repository/org/mockito/mockito-junit-jupiter/4.3.1/mockito-junit-jupiter-4.3.1.jar:/Users/nestcoin/.m2/repository/org/skyscreamer/jsonassert/1.5.0/jsonassert-1.5.0.jar:/Users/nestcoin/.m2/repository/com/vaadin/external/google/android-json/0.0.20131108.vaadin1/android-json-0.0.20131108.vaadin1.jar:/Users/nestcoin/.m2/repository/org/springframework/spring-test/5.3.19/spring-test-5.3.19.jar:/Users/nestcoin/.m2/repository/org/xmlunit/xmlunit-core/2.8.4/xmlunit-core-2.8.4.jar:/Users/nestcoin/.m2/repository/org/projectlombok/lombok/1.18.24/lombok-1.18.24.jar:/Users/nestcoin/.m2/repository/org/springframework/boot/spring-boot-starter-logging/2.6.7/spring-boot-starter-logging-2.6.7.jar:/Users/nestcoin/.m2/repository/ch/qos/logback/logback-classic/1.2.11/logback-classic-1.2.11.jar:/Users/nestcoin/.m2/repository/ch/qos/logback/logback-core/1.2.11/logback-core-1.2.11.jar:/Users/nestcoin/.m2/repository/org/apache/logging/log4j/log4j-to-slf4j/2.17.2/log4j-to-slf4j-2.17.2.jar:/Users/nestcoin/.m2/repository/org/apache/logging/log4j/log4j-api/2.17.2/log4j-api-2.17.2.jar:/Users/nestcoin/.m2/repository/org/slf4j/jul-to-slf4j/1.7.36/jul-to-slf4j-1.7.36.jar:"/>
    <property name="sun.cpu.endian" value="little"/>
    <property name="user.home" value="/Users/nestcoin"/>
    <property name="user.language" value="en"/>
    <property name="java.specification.vendor" value="Oracle Corporation"/>
    <property name="java.version.date" value="2021-10-19"/>
    <property name="java.home" value="/Library/Java/JavaVirtualMachines/temurin-17.jdk/Contents/Home"/>
    <property name="file.separator" value="/"/>
    <property name="basedir" value="/Users/nestcoin/Documents/projects/food-ordering-system/order-service/order-domain/order-application-service"/>
    <property name="java.vm.compressedOopsMode" value="Zero based"/>
    <property name="line.separator" value="&#10;"/>
    <property name="java.specification.name" value="Java Platform API Specification"/>
    <property name="java.vm.specification.vendor" value="Oracle Corporation"/>
    <property name="surefire.real.class.path" value="/Users/nestcoin/Documents/projects/food-ordering-system/order-service/order-domain/order-application-service/target/surefire/surefirebooter237673544618752061.jar"/>
    <property name="sun.management.compiler" value="HotSpot 64-Bit Tiered Compilers"/>
    <property name="ftp.nonProxyHosts" value="local|*.local|169.254/16|*.169.254/16"/>
    <property name="java.runtime.version" value="17.0.1+12"/>
    <property name="user.name" value="nestcoin"/>
    <property name="path.separator" value=":"/>
    <property name="os.version" value="11.3"/>
    <property name="java.runtime.name" value="OpenJDK Runtime Environment"/>
    <property name="file.encoding" value="US-ASCII"/>
    <property name="java.vm.name" value="OpenJDK 64-Bit Server VM"/>
    <property name="java.vendor.version" value="Temurin-17.0.1+12"/>
    <property name="localRepository" value="/Users/nestcoin/.m2/repository"/>
    <property name="java.vendor.url.bug" value="https://github.com/adoptium/adoptium-support/issues"/>
    <property name="java.io.tmpdir" value="/var/folders/q2/9tf3451s6n72wypydscy266r0000gn/T/"/>
    <property name="java.version" value="17.0.1"/>
    <property name="user.dir" value="/Users/nestcoin/Documents/projects/food-ordering-system/order-service/order-domain/order-application-service"/>
    <property name="os.arch" value="x86_64"/>
    <property name="java.vm.specification.name" value="Java Virtual Machine Specification"/>
    <property name="native.encoding" value="US-ASCII"/>
    <property name="java.library.path" value="/Users/nestcoin/Library/Java/Extensions:/Library/Java/Extensions:/Network/Library/Java/Extensions:/System/Library/Java/Extensions:/usr/lib/java:."/>
    <property name="java.vm.info" value="mixed mode, sharing"/>
    <property name="java.vendor" value="Eclipse Adoptium"/>
    <property name="java.vm.version" value="17.0.1+12"/>
    <property name="sun.io.unicode.encoding" value="UnicodeBig"/>
    <property name="socksNonProxyHosts" value="local|*.local|169.254/16|*.169.254/16"/>
    <property name="java.class.version" value="61.0"/>
  </properties>
  <testcase name="testCreateOrderWithWrongTotalPrice" classname="com.hayba.order.service.OrderApplicationServiceTest" time="0.17">
    <failure message="Unexpected exception type thrown ==&gt; expected: &lt;com.hayba.order.service.domain.exception.OrderDomainException&gt; but was: &lt;java.lang.IllegalStateException&gt;" type="org.opentest4j.AssertionFailedError"><![CDATA[org.opentest4j.AssertionFailedError: Unexpected exception type thrown ==> expected: <com.hayba.order.service.domain.exception.OrderDomainException> but was: <java.lang.IllegalStateException>
	at com.hayba.order.service.OrderApplicationServiceTest.testCreateOrderWithWrongTotalPrice(OrderApplicationServiceTest.java:161)
Caused by: java.lang.IllegalStateException: Duplicate key com.hayba.order.service.domain.entity.Product@4d7352c6 (attempted merging values com.hayba.order.service.domain.entity.Product@4d7352c6 and com.hayba.order.service.domain.entity.Product@4d7352c6)
	at com.hayba.order.service.OrderApplicationServiceTest.lambda$testCreateOrderWithWrongTotalPrice$0(OrderApplicationServiceTest.java:162)
	at com.hayba.order.service.OrderApplicationServiceTest.testCreateOrderWithWrongTotalPrice(OrderApplicationServiceTest.java:161)
]]></failure>
    <system-out><![CDATA[21:41:08.042 [main] DEBUG org.springframework.test.context.BootstrapUtils - Instantiating CacheAwareContextLoaderDelegate from class [org.springframework.test.context.cache.DefaultCacheAwareContextLoaderDelegate]
21:41:08.054 [main] DEBUG org.springframework.test.context.BootstrapUtils - Instantiating BootstrapContext using constructor [public org.springframework.test.context.support.DefaultBootstrapContext(java.lang.Class,org.springframework.test.context.CacheAwareContextLoaderDelegate)]
21:41:08.089 [main] DEBUG org.springframework.test.context.BootstrapUtils - Instantiating TestContextBootstrapper for test class [com.hayba.order.service.OrderApplicationServiceTest] from class [org.springframework.boot.test.context.SpringBootTestContextBootstrapper]
21:41:08.105 [main] INFO org.springframework.boot.test.context.SpringBootTestContextBootstrapper - Neither @ContextConfiguration nor @ContextHierarchy found for test class [com.hayba.order.service.OrderApplicationServiceTest], using SpringBootContextLoader
21:41:08.109 [main] DEBUG org.springframework.test.context.support.AbstractContextLoader - Did not detect default resource location for test class [com.hayba.order.service.OrderApplicationServiceTest]: class path resource [com/hayba/order/service/OrderApplicationServiceTest-context.xml] does not exist
21:41:08.111 [main] DEBUG org.springframework.test.context.support.AbstractContextLoader - Did not detect default resource location for test class [com.hayba.order.service.OrderApplicationServiceTest]: class path resource [com/hayba/order/service/OrderApplicationServiceTestContext.groovy] does not exist
21:41:08.111 [main] INFO org.springframework.test.context.support.AbstractContextLoader - Could not detect default resource locations for test class [com.hayba.order.service.OrderApplicationServiceTest]: no resource found for suffixes {-context.xml, Context.groovy}.
21:41:08.184 [main] DEBUG org.springframework.test.context.support.ActiveProfilesUtils - Could not find an 'annotation declaring class' for annotation type [org.springframework.test.context.ActiveProfiles] and class [com.hayba.order.service.OrderApplicationServiceTest]
21:41:08.298 [main] DEBUG org.springframework.boot.test.context.SpringBootTestContextBootstrapper - @TestExecutionListeners is not present for class [com.hayba.order.service.OrderApplicationServiceTest]: using defaults.
21:41:08.299 [main] INFO org.springframework.boot.test.context.SpringBootTestContextBootstrapper - Loaded default TestExecutionListener class names from location [META-INF/spring.factories]: [org.springframework.boot.test.mock.mockito.MockitoTestExecutionListener, org.springframework.boot.test.mock.mockito.ResetMocksTestExecutionListener, org.springframework.boot.test.autoconfigure.restdocs.RestDocsTestExecutionListener, org.springframework.boot.test.autoconfigure.web.client.MockRestServiceServerResetTestExecutionListener, org.springframework.boot.test.autoconfigure.web.servlet.MockMvcPrintOnlyOnFailureTestExecutionListener, org.springframework.boot.test.autoconfigure.web.servlet.WebDriverTestExecutionListener, org.springframework.boot.test.autoconfigure.webservices.client.MockWebServiceServerTestExecutionListener, org.springframework.test.context.web.ServletTestExecutionListener, org.springframework.test.context.support.DirtiesContextBeforeModesTestExecutionListener, org.springframework.test.context.event.ApplicationEventsTestExecutionListener, org.springframework.test.context.support.DependencyInjectionTestExecutionListener, org.springframework.test.context.support.DirtiesContextTestExecutionListener, org.springframework.test.context.transaction.TransactionalTestExecutionListener, org.springframework.test.context.jdbc.SqlScriptsTestExecutionListener, org.springframework.test.context.event.EventPublishingTestExecutionListener]
21:41:08.305 [main] DEBUG org.springframework.boot.test.context.SpringBootTestContextBootstrapper - Skipping candidate TestExecutionListener [org.springframework.test.context.web.ServletTestExecutionListener] due to a missing dependency. Specify custom listener classes or make the default listener classes and their required dependencies available. Offending class: [javax/servlet/ServletContext]
21:41:08.311 [main] INFO org.springframework.boot.test.context.SpringBootTestContextBootstrapper - Using TestExecutionListeners: [org.springframework.test.context.support.DirtiesContextBeforeModesTestExecutionListener@35b74c5c, org.springframework.test.context.event.ApplicationEventsTestExecutionListener@2e570ded, org.springframework.boot.test.mock.mockito.MockitoTestExecutionListener@b86de0d, org.springframework.boot.test.autoconfigure.SpringBootDependencyInjectionTestExecutionListener@81d9a72, org.springframework.test.context.support.DirtiesContextTestExecutionListener@747f281, org.springframework.test.context.transaction.TransactionalTestExecutionListener@1169afe1, org.springframework.test.context.jdbc.SqlScriptsTestExecutionListener@2ca26d77, org.springframework.test.context.event.EventPublishingTestExecutionListener@4808bc9b, org.springframework.boot.test.mock.mockito.ResetMocksTestExecutionListener@70e38ce1, org.springframework.boot.test.autoconfigure.restdocs.RestDocsTestExecutionListener@2ca923bb, org.springframework.boot.test.autoconfigure.web.client.MockRestServiceServerResetTestExecutionListener@13df2a8c, org.springframework.boot.test.autoconfigure.web.servlet.MockMvcPrintOnlyOnFailureTestExecutionListener@1ebea008, org.springframework.boot.test.autoconfigure.web.servlet.WebDriverTestExecutionListener@72d6b3ba, org.springframework.boot.test.autoconfigure.webservices.client.MockWebServiceServerTestExecutionListener@1787f2a0]
21:41:08.316 [main] DEBUG org.springframework.test.context.support.DependencyInjectionTestExecutionListener - Performing dependency injection for test context [[DefaultTestContext@3b5fad2d testClass = OrderApplicationServiceTest, testInstance = com.hayba.order.service.OrderApplicationServiceTest@5e17553a, testMethod = [null], testException = [null], mergedContextConfiguration = [MergedContextConfiguration@3eb91815 testClass = OrderApplicationServiceTest, locations = '{}', classes = '{class com.hayba.order.service.OrderTestConfiguration}', contextInitializerClasses = '[]', activeProfiles = '{}', propertySourceLocations = '{}', propertySourceProperties = '{org.springframework.boot.test.context.SpringBootTestContextBootstrapper=true}', contextCustomizers = set[org.springframework.boot.test.context.filter.ExcludeFilterContextCustomizer@68e5eea7, org.springframework.boot.test.json.DuplicateJsonObjectContextCustomizerFactory$DuplicateJsonObjectContextCustomizer@762ef0ea, org.springframework.boot.test.mock.mockito.MockitoContextCustomizer@0, org.springframework.boot.test.web.client.TestRestTemplateContextCustomizer@2118cddf, org.springframework.boot.test.autoconfigure.actuate.metrics.MetricsExportContextCustomizerFactory$DisableMetricExportContextCustomizer@3f56875e, org.springframework.boot.test.autoconfigure.properties.PropertyMappingContextCustomizer@0, org.springframework.boot.test.autoconfigure.web.servlet.WebDriverContextCustomizerFactory$Customizer@236e3f4e, org.springframework.boot.test.context.SpringBootTestArgs@1, org.springframework.boot.test.context.SpringBootTestWebEnvironment@56ac3a89], contextLoader = 'org.springframework.boot.test.context.SpringBootContextLoader', parent = [null]], attributes = map['org.springframework.test.context.event.ApplicationEventsTestExecutionListener.recordApplicationEvents' -> false]]].

  .   ____          _            __ _ _
 /\\ / ___'_ __ _ _(_)_ __  __ _ \ \ \ \
( ( )\___ | '_ | '_| | '_ \/ _` | \ \ \ \
 \\/  ___)| |_)| | | | | || (_| |  ) ) ) )
  '  |____| .__|_| |_|_| |_\__, | / / / /
 =========|_|==============|___/=/_/_/_/
 :: Spring Boot ::                (v2.6.7)

2023-06-02 21:41:13.770  INFO 13856 --- [           main] c.h.o.s.OrderApplicationServiceTest      : Starting OrderApplicationServiceTest using Java 17.0.1 on Adeyemis-MacBook-Pro.local with PID 13856 (started by nestcoin in /Users/nestcoin/Documents/projects/food-ordering-system/order-service/order-domain/order-application-service)
2023-06-02 21:41:13.772  INFO 13856 --- [           main] c.h.o.s.OrderApplicationServiceTest      : No active profile set, falling back to 1 default profile: "default"
2023-06-02 21:41:15.604  INFO 13856 --- [           main] c.h.o.s.OrderApplicationServiceTest      : Started OrderApplicationServiceTest in 7.261 seconds (JVM running for 8.422)
]]></system-out>
  </testcase>
  <testcase name="testCreateOrder" classname="com.hayba.order.service.OrderApplicationServiceTest" time="0.01">
    <error message="Duplicate key com.hayba.order.service.domain.entity.Product@4d7352c6 (attempted merging values com.hayba.order.service.domain.entity.Product@4d7352c6 and com.hayba.order.service.domain.entity.Product@4d7352c6)" type="java.lang.IllegalStateException">java.lang.IllegalStateException: Duplicate key com.hayba.order.service.domain.entity.Product@4d7352c6 (attempted merging values com.hayba.order.service.domain.entity.Product@4d7352c6 and com.hayba.order.service.domain.entity.Product@4d7352c6)
	at com.hayba.order.service.OrderApplicationServiceTest.testCreateOrder(OrderApplicationServiceTest.java:153)
</error>
  </testcase>
  <testcase name="testCreateOrderWithWrongProductPrice" classname="com.hayba.order.service.OrderApplicationServiceTest" time="0.008">
    <failure message="Unexpected exception type thrown ==&gt; expected: &lt;com.hayba.order.service.domain.exception.OrderDomainException&gt; but was: &lt;java.lang.IllegalStateException&gt;" type="org.opentest4j.AssertionFailedError"><![CDATA[org.opentest4j.AssertionFailedError: Unexpected exception type thrown ==> expected: <com.hayba.order.service.domain.exception.OrderDomainException> but was: <java.lang.IllegalStateException>
	at com.hayba.order.service.OrderApplicationServiceTest.testCreateOrderWithWrongProductPrice(OrderApplicationServiceTest.java:168)
Caused by: java.lang.IllegalStateException: Duplicate key com.hayba.order.service.domain.entity.Product@4d7352c6 (attempted merging values com.hayba.order.service.domain.entity.Product@4d7352c6 and com.hayba.order.service.domain.entity.Product@4d7352c6)
	at com.hayba.order.service.OrderApplicationServiceTest.lambda$testCreateOrderWithWrongProductPrice$1(OrderApplicationServiceTest.java:169)
	at com.hayba.order.service.OrderApplicationServiceTest.testCreateOrderWithWrongProductPrice(OrderApplicationServiceTest.java:168)
]]></failure>
  </testcase>
  <testcase name="testCreateOrderWithPassiveRestaurant" classname="com.hayba.order.service.OrderApplicationServiceTest" time="0.014">
    <failure message="expected: &lt;Restaurant with id d215b5f8-0249-4dc5-89a3-51fd148cfb45 is currently not active!&gt; but was: &lt;Restaurant with id: d215b5f8-0249-4dc5-89a3-51fd148cfb45 is not currently active&gt;" type="org.opentest4j.AssertionFailedError"><![CDATA[org.opentest4j.AssertionFailedError: expected: <Restaurant with id d215b5f8-0249-4dc5-89a3-51fd148cfb45 is currently not active!> but was: <Restaurant with id: d215b5f8-0249-4dc5-89a3-51fd148cfb45 is not currently active>
	at com.hayba.order.service.OrderApplicationServiceTest.testCreateOrderWithPassiveRestaurant(OrderApplicationServiceTest.java:185)
]]></failure>
  </testcase>
</testsuite>